(---------------------------------------------------------------------)
(                                                                     )
(    Allegro Netrev Import Logic                                      )
(                                                                     )
(    Drawing          : Amp.brd                                       )
(    Software Version : 22.1P001                                      )
(    Date/Time        : Fri Sep 26 22:12:36 2025                      )
(                                                                     )
(---------------------------------------------------------------------)


------ Directives ------------

Ripup etch:                  No
Ripup delete first segment:  No
Ripup retain bondwire:       No
Ripup symbols:               Always
Missing symbol has error:    No
DRC update:                  Yes
Schematic directory:         'C:\Users\Javier Calvo\Documents\Cadence Projects\Amplifier - Coursera\Netlist'
Design Directory:            'C:/Users/Javier Calvo/Documents/Cadence Projects/Amplifier - Coursera'
Old design name:             'C:/Users/Javier Calvo/Documents/Cadence Projects/Amplifier - Coursera/Amp.brd'
New design name:             'C:/Users/Javier Calvo/Documents/Cadence Projects/Amplifier - Coursera/Amp.brd'

CmdLine: netrev -i C:\Users\Javier Calvo\Documents\Cadence Projects\Amplifier - Coursera\Netlist -y 1 -h -q netrev_constraint_report.xml C:/Users/Javier Calvo/Documents/Cadence Projects/Amplifier - Coursera/#Taaaafb06520.tmp

------ Preparing to read pst files ------

Starting to read C:/Users/Javier Calvo/Documents/Cadence Projects/Amplifier - Coursera/Netlist/pstchip.dat 
   Finished reading C:/Users/Javier Calvo/Documents/Cadence Projects/Amplifier - Coursera/Netlist/pstchip.dat (00:00:00.61)
Starting to read C:/Users/Javier Calvo/Documents/Cadence Projects/Amplifier - Coursera/Netlist/pstxprt.dat 
   Finished reading C:/Users/Javier Calvo/Documents/Cadence Projects/Amplifier - Coursera/Netlist/pstxprt.dat (00:00:00.00)
Starting to read C:/Users/Javier Calvo/Documents/Cadence Projects/Amplifier - Coursera/Netlist/pstxnet.dat 
   Finished reading C:/Users/Javier Calvo/Documents/Cadence Projects/Amplifier - Coursera/Netlist/pstxnet.dat (00:00:00.00)

------ Oversights/Warnings/Errors ------




===========================================================
Start Constraint Override Import
	Constraint File:    C:/Users/Javier Calvo/Documents/Cadence Projects/Amplifier - Coursera/Netlist/pstcmdb.dat
	Start time: Fri Sep 26 22:12:36 2025
===========================================================


The constraint difference report file can be viewed using the following command:
cdnFlowOOSMsg.exe -file "file:///C:/Users/Javier Calvo/Documents/Cadence Projects/Amplifier - Coursera/netrev_constraint_report.xml"

===========================================================
Finished Constraint Update	Time: Fri Sep 26 22:12:36 2025
===========================================================

------ Library Paths ------
MODULEPATH =  . 
           C:/Cadence/SPB_22.1/share/local/pcb/modules 

PSMPATH =  . 
           symbols 
           .. 
           ../symbols 
           C:/Cadence/SPB_22.1/share/local/pcb/symbols 
           C:/Cadence/SPB_22.1/share/pcb/pcb_lib/symbols 
           C:/Cadence/SPB_22.1/share/pcb/allegrolib/symbols 

PADPATH =  . 
           symbols 
           .. 
           ../symbols 
           C:/Cadence/SPB_22.1/share/local/pcb/padstacks 
           C:/Cadence/SPB_22.1/share/pcb/pcb_lib/symbols 
           C:/Cadence/SPB_22.1/share/pcb/allegrolib/symbols 


------ Summary Statistics ------


netrev run on Sep 26 22:12:35 2025
   DESIGN NAME : 'AMP'
   PACKAGING ON Oct  6 2022 20:42:06

   COMPILE 'logic'
   CHECK_PIN_NAMES OFF
   CROSS_REFERENCE OFF
   FEEDBACK OFF
   INCREMENTAL OFF
   INTERFACE_TYPE PHYSICAL
   MAX_ERRORS 500
   MERGE_MINIMUM 5
   NET_NAME_CHARS '#%&()*+-./:=>?@[]^_`|'
   NET_NAME_LENGTH 24
   OVERSIGHTS ON
   REPLACE_CHECK OFF
   SINGLE_NODE_NETS ON
   SPLIT_MINIMUM 0
   SUPPRESS   20
   WARNINGS ON

 No error detected
 No oversight detected
 No warning detected

cpu time      0:01:42
elapsed time  0:00:01

